{"uuid":"1ad4596e-d0c6-41d3-bc13-954a23d77f9b","historyId":"c155e5c322eeadb00d6e4c954aabc086","fullName":"RunFeatures.feature","labels":[{"name":"package","value":"RunFeatures"},{"name":"testClass","value":"RunFeatures"},{"name":"testMethod","value":"feature"},{"name":"parentSuite","value":"Default Suite"},{"name":"suite","value":"e2eselenium"},{"name":"subSuite","value":"RunFeatures"},{"name":"host","value":"MacBook-Air-Mac.local"},{"name":"thread","value":"87600@MacBook-Air-Mac.local.main(1)"}],"links":[],"name":"Runs Cucumber Feature","status":"skipped","statusDetails":{"known":false,"muted":false,"flaky":false,"message":"java.lang.IllegalArgumentException: Not a file or directory: /Users/mac/Documents/qaprojects/selenium/src\\test\\resources\\features\\GoogleSearch.feature","trace":"java.lang.RuntimeException: java.lang.IllegalArgumentException: Not a file or directory: /Users/mac/Documents/qaprojects/selenium/src\\test\\resources\\features\\GoogleSearch.feature\n\tat org.testng.internal.MethodInvocationHelper.invokeMethodNoCheckedException(MethodInvocationHelper.java:49)\n\tat org.testng.internal.MethodInvocationHelper.invokeDataProvider(MethodInvocationHelper.java:131)\n\tat org.testng.internal.Parameters.handleParameters(Parameters.java:706)\n\tat org.testng.internal.ParameterHandler.handleParameters(ParameterHandler.java:49)\n\tat org.testng.internal.ParameterHandler.createParameters(ParameterHandler.java:37)\n\tat org.testng.internal.Invoker.invokeTestMethods(Invoker.java:923)\n\tat org.testng.internal.TestMethodWorker.invokeTestMethods(TestMethodWorker.java:125)\n\tat org.testng.internal.TestMethodWorker.run(TestMethodWorker.java:109)\n\tat org.testng.TestRunner.privateRun(TestRunner.java:648)\n\tat org.testng.TestRunner.run(TestRunner.java:505)\n\tat org.testng.SuiteRunner.runTest(SuiteRunner.java:455)\n\tat org.testng.SuiteRunner.runSequentially(SuiteRunner.java:450)\n\tat org.testng.SuiteRunner.privateRun(SuiteRunner.java:415)\n\tat org.testng.SuiteRunner.run(SuiteRunner.java:364)\n\tat org.testng.SuiteRunnerWorker.runSuite(SuiteRunnerWorker.java:52)\n\tat org.testng.SuiteRunnerWorker.run(SuiteRunnerWorker.java:84)\n\tat org.testng.TestNG.runSuitesSequentially(TestNG.java:1208)\n\tat org.testng.TestNG.runSuitesLocally(TestNG.java:1137)\n\tat org.testng.TestNG.runSuites(TestNG.java:1049)\n\tat org.testng.TestNG.run(TestNG.java:1017)\n\tat org.testng.IDEARemoteTestNG.run(IDEARemoteTestNG.java:72)\n\tat org.testng.RemoteTestNGStarter.main(RemoteTestNGStarter.java:123)\nCaused by: java.lang.IllegalArgumentException: Not a file or directory: /Users/mac/Documents/qaprojects/selenium/src\\test\\resources\\features\\GoogleSearch.feature\n\tat cucumber.runtime.io.FileResourceIterator$FileIterator.<init>(FileResourceIterator.java:63)\n\tat cucumber.runtime.io.FileResourceIterator.<init>(FileResourceIterator.java:28)\n\tat cucumber.runtime.io.FileResourceIterator.createFileResourceIterator(FileResourceIterator.java:14)\n\tat cucumber.runtime.io.FileResourceIterable.iterator(FileResourceIterable.java:19)\n\tat cucumber.runtime.model.CucumberFeature.loadFromFeaturePath(CucumberFeature.java:112)\n\tat cucumber.runtime.model.CucumberFeature.load(CucumberFeature.java:49)\n\tat cucumber.runtime.model.CucumberFeature.load(CucumberFeature.java:31)\n\tat cucumber.runtime.RuntimeOptions.cucumberFeatures(RuntimeOptions.java:311)\n\tat cucumber.api.testng.TestNGCucumberRunner.getFeatures(TestNGCucumberRunner.java:100)\n\tat cucumber.api.testng.TestNGCucumberRunner.provideFeatures(TestNGCucumberRunner.java:110)\n\tat RunFeatures.features(RunFeatures.java:27)\n\tat sun.reflect.NativeMethodAccessorImpl.invoke0(Native Method)\n\tat sun.reflect.NativeMethodAccessorImpl.invoke(NativeMethodAccessorImpl.java:62)\n\tat sun.reflect.DelegatingMethodAccessorImpl.invoke(DelegatingMethodAccessorImpl.java:43)\n\tat java.lang.reflect.Method.invoke(Method.java:498)\n\tat org.testng.internal.MethodInvocationHelper.invokeMethod(MethodInvocationHelper.java:124)\n\tat org.testng.internal.MethodInvocationHelper.invokeMethod(MethodInvocationHelper.java:74)\n\tat org.testng.internal.MethodInvocationHelper.invokeMethodNoCheckedException(MethodInvocationHelper.java:45)\n\t... 21 more\n"},"stage":"finished","start":1521247207092,"stop":1521247207100,"parameters":[]}